ffmpeg started on 2019-08-14 at 11:41:55
Report written to "ffmpeg-20190814-114155.log"
Command line:
ffmpeg -r 25 -i "_tmp%07d.png" -vframes 0 -vcodec wmv1 -b 2000k -report -y test.mov
ffmpeg version 4.0 Copyright (c) 2000-2018 the FFmpeg developers
  built with gcc 7.2.0 (crosstool-NG fa8859cb)
  configuration: --prefix=/home/aramakrishnan/anaconda2/envs/tensorflow --cc=/opt/conda/conda-bld/ffmpeg_1531088893642/_build_env/bin/x86_64-conda_cos6-linux-gnu-cc --disable-doc --enable-shared --enable-static --enable-zlib --enable-pic --enable-gpl --enable-version3 --disable-nonfree --enable-hardcoded-tables --enable-avresample --enable-libfreetype --disable-openssl --disable-gnutls --enable-libvpx --enable-pthreads --enable-libopus --enable-postproc --disable-libx264
  libavutil      56. 14.100 / 56. 14.100
  libavcodec     58. 18.100 / 58. 18.100
  libavformat    58. 12.100 / 58. 12.100
  libavdevice    58.  3.100 / 58.  3.100
  libavfilter     7. 16.100 /  7. 16.100
  libavresample   4.  0.  0 /  4.  0.  0
  libswscale      5.  1.100 /  5.  1.100
  libswresample   3.  1.100 /  3.  1.100
  libpostproc    55.  1.100 / 55.  1.100
Splitting the commandline.
Reading option '-r' ... matched as option 'r' (set frame rate (Hz value, fraction or abbreviation)) with argument '25'.
Reading option '-i' ... matched as input url with argument '_tmp%07d.png'.
Reading option '-vframes' ... matched as option 'vframes' (set the number of video frames to output) with argument '0'.
Reading option '-vcodec' ... matched as option 'vcodec' (force video codec ('copy' to copy stream)) with argument 'wmv1'.
Reading option '-b' ... matched as option 'b' (video bitrate (please use -b:v)) with argument '2000k'.
Reading option '-report' ... matched as option 'report' (generate a report) with argument '1'.
Reading option '-y' ... matched as option 'y' (overwrite output files) with argument '1'.
Reading option 'test.mov' ... matched as output url.
Finished splitting the commandline.
Parsing a group of options: global .
Applying option report (generate a report) with argument 1.
Applying option y (overwrite output files) with argument 1.
Successfully parsed a group of options.
Parsing a group of options: input url _tmp%07d.png.
Applying option r (set frame rate (Hz value, fraction or abbreviation)) with argument 25.
Successfully parsed a group of options.
Opening an input file: _tmp%07d.png.
[image2 @ 0x555555796140] Could find no file with path '_tmp%07d.png' and index in the range 0-4
_tmp%07d.png: No such file or directory
