ffmpeg started on 2019-08-16 at 13:09:50
Report written to "ffmpeg-20190816-130950.log"
Command line:
ffmpeg -r 25 -i "_tmp%07d.png" -vframes 22 -vcodec mpeg4 -b 2000k -report -y testphysics.avi
ffmpeg version 4.0 Copyright (c) 2000-2018 the FFmpeg developers
  built with gcc 7.2.0 (crosstool-NG fa8859cb)
  configuration: --prefix=/home/aramakrishnan/anaconda2/envs/tensorflow --cc=/opt/conda/conda-bld/ffmpeg_1531088893642/_build_env/bin/x86_64-conda_cos6-linux-gnu-cc --disable-doc --enable-shared --enable-static --enable-zlib --enable-pic --enable-gpl --enable-version3 --disable-nonfree --enable-hardcoded-tables --enable-avresample --enable-libfreetype --disable-openssl --disable-gnutls --enable-libvpx --enable-pthreads --enable-libopus --enable-postproc --disable-libx264
  libavutil      56. 14.100 / 56. 14.100
  libavcodec     58. 18.100 / 58. 18.100
  libavformat    58. 12.100 / 58. 12.100
  libavdevice    58.  3.100 / 58.  3.100
  libavfilter     7. 16.100 /  7. 16.100
  libavresample   4.  0.  0 /  4.  0.  0
  libswscale      5.  1.100 /  5.  1.100
  libswresample   3.  1.100 /  3.  1.100
  libpostproc    55.  1.100 / 55.  1.100
Splitting the commandline.
Reading option '-r' ... matched as option 'r' (set frame rate (Hz value, fraction or abbreviation)) with argument '25'.
Reading option '-i' ... matched as input url with argument '_tmp%07d.png'.
Reading option '-vframes' ... matched as option 'vframes' (set the number of video frames to output) with argument '22'.
Reading option '-vcodec' ... matched as option 'vcodec' (force video codec ('copy' to copy stream)) with argument 'mpeg4'.
Reading option '-b' ... matched as option 'b' (video bitrate (please use -b:v)) with argument '2000k'.
Reading option '-report' ... matched as option 'report' (generate a report) with argument '1'.
Reading option '-y' ... matched as option 'y' (overwrite output files) with argument '1'.
Reading option 'testphysics.avi' ... matched as output url.
Finished splitting the commandline.
Parsing a group of options: global .
Applying option report (generate a report) with argument 1.
Applying option y (overwrite output files) with argument 1.
Successfully parsed a group of options.
Parsing a group of options: input url _tmp%07d.png.
Applying option r (set frame rate (Hz value, fraction or abbreviation)) with argument 25.
Successfully parsed a group of options.
Opening an input file: _tmp%07d.png.
[image2 @ 0x555555796140] Opening '_tmp0000000.png' for reading
[file @ 0x555555799d00] Setting default whitelist 'file,crypto'
[AVIOContext @ 0x555555798000] Statistics: 15963 bytes read, 0 seeks
[image2 @ 0x555555796140] Opening '_tmp0000001.png' for reading
[file @ 0x5555557993c0] Setting default whitelist 'file,crypto'
[AVIOContext @ 0x555555799e00] Statistics: 16244 bytes read, 0 seeks
[image2 @ 0x555555796140] Opening '_tmp0000002.png' for reading
[file @ 0x5555557993c0] Setting default whitelist 'file,crypto'
[AVIOContext @ 0x5555557a1480] Statistics: 16478 bytes read, 0 seeks
[image2 @ 0x555555796140] Opening '_tmp0000003.png' for reading
[file @ 0x5555557a1480] Setting default whitelist 'file,crypto'
[AVIOContext @ 0x5555557a16c0] Statistics: 16720 bytes read, 0 seeks
[image2 @ 0x555555796140] Opening '_tmp0000004.png' for reading
[file @ 0x5555557a16c0] Setting default whitelist 'file,crypto'
[AVIOContext @ 0x5555557a19c0] Statistics: 16806 bytes read, 0 seeks
[image2 @ 0x555555796140] Opening '_tmp0000005.png' for reading
[file @ 0x5555557a19c0] Setting default whitelist 'file,crypto'
[AVIOContext @ 0x5555557a15c0] Statistics: 16860 bytes read, 0 seeks
[image2 @ 0x555555796140] Opening '_tmp0000006.png' for reading
[file @ 0x5555557a15c0] Setting default whitelist 'file,crypto'
[AVIOContext @ 0x5555557a1ac0] Statistics: 16864 bytes read, 0 seeks
[image2 @ 0x555555796140] Opening '_tmp0000007.png' for reading
[file @ 0x55555579a3c0] Setting default whitelist 'file,crypto'
[AVIOContext @ 0x55555579a5c0] Statistics: 16848 bytes read, 0 seeks
[image2 @ 0x555555796140] Opening '_tmp0000008.png' for reading
[file @ 0x5555557a1c40] Setting default whitelist 'file,crypto'
[AVIOContext @ 0x55555579a600] Statistics: 16848 bytes read, 0 seeks
[image2 @ 0x555555796140] Opening '_tmp0000009.png' for reading
[file @ 0x55555579a600] Setting default whitelist 'file,crypto'
[AVIOContext @ 0x55555579a440] Statistics: 16890 bytes read, 0 seeks
[image2 @ 0x555555796140] Opening '_tmp0000010.png' for reading
[file @ 0x55555579a440] Setting default whitelist 'file,crypto'
[AVIOContext @ 0x55555579a900] Statistics: 16943 bytes read, 0 seeks
[image2 @ 0x555555796140] Opening '_tmp0000011.png' for reading
[file @ 0x55555579a900] Setting default whitelist 'file,crypto'
[AVIOContext @ 0x55555579a740] Statistics: 17006 bytes read, 0 seeks
[image2 @ 0x555555796140] Opening '_tmp0000012.png' for reading
[file @ 0x55555579ab00] Setting default whitelist 'file,crypto'
[AVIOContext @ 0x55555579abc0] Statistics: 17037 bytes read, 0 seeks
[image2 @ 0x555555796140] Opening '_tmp0000013.png' for reading
[file @ 0x55555579abc0] Setting default whitelist 'file,crypto'
[AVIOContext @ 0x55555579a740] Statistics: 17049 bytes read, 0 seeks
[image2 @ 0x555555796140] Opening '_tmp0000014.png' for reading
[file @ 0x55555579a740] Setting default whitelist 'file,crypto'
[AVIOContext @ 0x55555579aec0] Statistics: 17051 bytes read, 0 seeks
[image2 @ 0x555555796140] Opening '_tmp0000015.png' for reading
[file @ 0x55555579aec0] Setting default whitelist 'file,crypto'
[AVIOContext @ 0x55555579b1c0] Statistics: 17045 bytes read, 0 seeks
[image2 @ 0x555555796140] Opening '_tmp0000016.png' for reading
[file @ 0x55555579b1c0] Setting default whitelist 'file,crypto'
[AVIOContext @ 0x55555579b000] Statistics: 17041 bytes read, 0 seeks
[image2 @ 0x555555796140] Opening '_tmp0000017.png' for reading
[file @ 0x55555579b000] Setting default whitelist 'file,crypto'
[AVIOContext @ 0x55555579b400] Statistics: 17054 bytes read, 0 seeks
[image2 @ 0x555555796140] Opening '_tmp0000018.png' for reading
[file @ 0x55555579b400] Setting default whitelist 'file,crypto'
[AVIOContext @ 0x55555579b700] Statistics: 17115 bytes read, 0 seeks
[image2 @ 0x555555796140] Opening '_tmp0000019.png' for reading
[file @ 0x55555579b700] Setting default whitelist 'file,crypto'
[AVIOContext @ 0x55555579b300] Statistics: 17174 bytes read, 0 seeks
[image2 @ 0x555555796140] Opening '_tmp0000020.png' for reading
[file @ 0x55555579b3c0] Setting default whitelist 'file,crypto'
[AVIOContext @ 0x55555579b7c0] Statistics: 17216 bytes read, 0 seeks
[image2 @ 0x555555796140] Opening '_tmp0000021.png' for reading
[file @ 0x55555579b8c0] Setting default whitelist 'file,crypto'
[AVIOContext @ 0x55555579ba80] Statistics: 0 bytes read, 0 seeks
Input #0, image2, from '_tmp%07d.png':
  Duration: 00:00:00.88, start: 0.000000, bitrate: N/A
    Stream #0:0, 21, 1/25: Video: png, rgba(pc), 640x480 [SAR 3937:3937 DAR 4:3], 25 fps, 25 tbr, 25 tbn, 25 tbc
Successfully opened the file.
Parsing a group of options: output url testphysics.avi.
Applying option vframes (set the number of video frames to output) with argument 22.
Applying option vcodec (force video codec ('copy' to copy stream)) with argument mpeg4.
Applying option b (video bitrate (please use -b:v)) with argument 2000k.
Please use -b:a or -b:v, -b is ambiguous
Successfully parsed a group of options.
Opening an output file: testphysics.avi.
[file @ 0x5555557b98c0] Setting default whitelist 'file,crypto'
Successfully opened the file.
detected 16 logical cores
Stream mapping:
  Stream #0:0 -> #0:0 (png (native) -> mpeg4 (native))
Press [q] to stop, [?] for help
cur_dts is invalid (this is harmless if it occurs once at the start per stream)
cur_dts is invalid (this is harmless if it occurs once at the start per stream)
cur_dts is invalid (this is harmless if it occurs once at the start per stream)
cur_dts is invalid (this is harmless if it occurs once at the start per stream)
cur_dts is invalid (this is harmless if it occurs once at the start per stream)
cur_dts is invalid (this is harmless if it occurs once at the start per stream)
cur_dts is invalid (this is harmless if it occurs once at the start per stream)
cur_dts is invalid (this is harmless if it occurs once at the start per stream)
cur_dts is invalid (this is harmless if it occurs once at the start per stream)
cur_dts is invalid (this is harmless if it occurs once at the start per stream)
cur_dts is invalid (this is harmless if it occurs once at the start per stream)
cur_dts is invalid (this is harmless if it occurs once at the start per stream)
cur_dts is invalid (this is harmless if it occurs once at the start per stream)
cur_dts is invalid (this is harmless if it occurs once at the start per stream)
cur_dts is invalid (this is harmless if it occurs once at the start per stream)
cur_dts is invalid (this is harmless if it occurs once at the start per stream)
[graph 0 input from stream 0:0 @ 0x555555796000] Setting 'video_size' to value '640x480'
[graph 0 input from stream 0:0 @ 0x555555796000] Setting 'pix_fmt' to value '26'
[graph 0 input from stream 0:0 @ 0x555555796000] Setting 'time_base' to value '1/25'
[graph 0 input from stream 0:0 @ 0x555555796000] Setting 'pixel_aspect' to value '3937/3937'
[graph 0 input from stream 0:0 @ 0x555555796000] Setting 'sws_param' to value 'flags=2'
[graph 0 input from stream 0:0 @ 0x555555796000] Setting 'frame_rate' to value '25/1'
[graph 0 input from stream 0:0 @ 0x555555796000] w:640 h:480 pixfmt:rgba tb:1/25 fr:25/1 sar:3937/3937 sws_param:flags=2
[format @ 0x555555799dc0] Setting 'pix_fmts' to value 'yuv420p'
[auto_scaler_0 @ 0x555555857100] Setting 'flags' to value 'bicubic'
[auto_scaler_0 @ 0x555555857100] w:iw h:ih flags:'bicubic' interl:0
[format @ 0x555555799dc0] auto-inserting filter 'auto_scaler_0' between the filter 'Parsed_null_0' and the filter 'format'
[AVFilterGraph @ 0x555555853740] query_formats: 4 queried, 2 merged, 1 already done, 0 delayed
[auto_scaler_0 @ 0x555555857100] w:640 h:480 fmt:rgba sar:3937/3937 -> w:640 h:480 fmt:yuv420p sar:1/1 flags:0x4
[mpeg4 @ 0x5555557b6280] intra_quant_bias = 0 inter_quant_bias = -64
[avi @ 0x5555557986c0] reserve_index_space:0 master_index_max_size:256
[avi @ 0x5555557986c0] duration_est:0.880, filesize_est:0.0GiB, master_index_max_size:256
Output #0, avi, to 'testphysics.avi':
  Metadata:
    ISFT            : Lavf58.12.100
    Stream #0:0, 0, 1/25: Video: mpeg4 (FMP4 / 0x34504D46), yuv420p, 640x480 [SAR 1:1 DAR 4:3], q=2-31, 2000 kb/s, 25 fps, 25 tbn, 25 tbc
    Metadata:
      encoder         : Lavc58.18.100 mpeg4
    Side data:
      cpb: bitrate max/min/avg: 0/0/2000000 buffer size: 0 vbv_delay: -1
Clipping frame in rate conversion by 0.000008
[image2 @ 0x555555796140] Opening '_tmp0000021.png' for reading
[file @ 0x5555557bd800] Setting default whitelist 'file,crypto'
[AVIOContext @ 0x555556303140] Statistics: 0 bytes read, 0 seeks
[image2 @ 0x555555796140] Opening '_tmp0000021.png' for reading
[file @ 0x5555557bd140] Setting default whitelist 'file,crypto'
[AVIOContext @ 0x555555799ec0] Statistics: 0 bytes read, 0 seeks
[image2 @ 0x555555796140] Opening '_tmp0000021.png' for reading
[file @ 0x5555557a2880] Setting default whitelist 'file,crypto'
[AVIOContext @ 0x555556302d00] Statistics: 0 bytes read, 0 seeks
[image2 @ 0x555555796140] Opening '_tmp0000021.png' for reading
[file @ 0x5555557a3300] Setting default whitelist 'file,crypto'
[AVIOContext @ 0x5555557a2f00] Statistics: 0 bytes read, 0 seeks
[image2 @ 0x555555796140] Opening '_tmp0000021.png' for reading
[file @ 0x5555557bdb40] Setting default whitelist 'file,crypto'
[AVIOContext @ 0x5555557bac80] Statistics: 0 bytes read, 0 seeks
[image2 @ 0x555555796140] Opening '_tmp0000021.png' for reading
[file @ 0x5555557a6900] Setting default whitelist 'file,crypto'
[AVIOContext @ 0x555556302d00] Statistics: 0 bytes read, 0 seeks
[image2 @ 0x555555796140] Opening '_tmp0000021.png' for reading
[file @ 0x5555557a73c0] Setting default whitelist 'file,crypto'
[AVIOContext @ 0x5555557a6d40] Statistics: 0 bytes read, 0 seeks
[image2 @ 0x555555796140] Opening '_tmp0000021.png' for reading
[file @ 0x555555d2bf80] Setting default whitelist 'file,crypto'
[AVIOContext @ 0x5555557a6580] Statistics: 0 bytes read, 0 seeks
[image2 @ 0x555555796140] Opening '_tmp0000021.png' for reading
[file @ 0x5555557a5c80] Setting default whitelist 'file,crypto'
[AVIOContext @ 0x5555557a59c0] Statistics: 0 bytes read, 0 seeks
[image2 @ 0x555555796140] Opening '_tmp0000021.png' for reading
[file @ 0x5555557a2040] Setting default whitelist 'file,crypto'
[AVIOContext @ 0x555556302f40] Statistics: 0 bytes read, 0 seeks
[image2 @ 0x555555796140] Opening '_tmp0000021.png' for reading
[file @ 0x5555557bd300] Setting default whitelist 'file,crypto'
[AVIOContext @ 0x555555d2b980] Statistics: 0 bytes read, 0 seeks
[image2 @ 0x555555796140] Opening '_tmp0000021.png' for reading
[file @ 0x5555557a3340] Setting default whitelist 'file,crypto'
[AVIOContext @ 0x555556303140] Statistics: 0 bytes read, 0 seeks
[image2 @ 0x555555796140] Opening '_tmp0000021.png' for reading
[file @ 0x5555557a70c0] Setting default whitelist 'file,crypto'
[AVIOContext @ 0x555556302cc0] Statistics: 0 bytes read, 0 seeks
[image2 @ 0x555555796140] Opening '_tmp0000021.png' for reading
[file @ 0x5555557a6880] Setting default whitelist 'file,crypto'
[AVIOContext @ 0x5555557bcf00] Statistics: 0 bytes read, 0 seeks
[image2 @ 0x555555796140] Opening '_tmp0000021.png' for reading
[file @ 0x5555557bd300] Setting default whitelist 'file,crypto'
[AVIOContext @ 0x5555557a7100] Statistics: 0 bytes read, 0 seeks
[image2 @ 0x555555796140] Opening '_tmp0000021.png' for reading
[file @ 0x5555557a2b00] Setting default whitelist 'file,crypto'
[AVIOContext @ 0x5555557a3000] Statistics: 0 bytes read, 0 seeks
[out_0_0 @ 0x5555557a1680] EOF on sink link out_0_0:default.
No more output streams to write to, finishing.
frame=   21 fps=0.0 q=2.0 Lsize=      54kB time=00:00:00.84 bitrate= 528.4kbits/s speed=4.88x    
video:48kB audio:0kB subtitle:0kB other streams:0kB global headers:0kB muxing overhead: 12.754542%
Input file #0 (_tmp%07d.png):
  Input stream #0:0 (video): 21 packets read (354252 bytes); 21 frames decoded; 
  Total: 21 packets (354252 bytes) demuxed
Output file #0 (testphysics.avi):
  Output stream #0:0 (video): 21 frames encoded; 21 packets muxed (49206 bytes); 
  Total: 21 packets (49206 bytes) muxed
21 frames successfully decoded, 0 decoding errors
[AVIOContext @ 0x5555557b9940] Statistics: 8 seeks, 8 writeouts
